<?xml version="1.0" encoding="UTF-8"?>
<!-- Generated by org.testng.reporters.JUnitReportReporter -->
<testsuite skipped="1" hostname="Infva05978" name="com.lti.ra.StudentApp" tests="2" failures="0" timestamp="23 Sep 2019 22:03:28 GMT" time="1.672" errors="0">
  <testcase name="postCall" time="1.672" classname="com.lti.ra.StudentApp"/>
  <testcase name="f" classname="com.lti.ra.StudentApp">
    <skipped/>
  </testcase> <!-- f -->
</testsuite> <!-- com.lti.ra.StudentApp -->
