<?xml version="1.0" encoding="UTF-8"?>
<!-- Generated by org.testng.reporters.JUnitReportReporter -->
<testsuite skipped="0" hostname="Infva05978" name="com.lti.ra.FirstNGREST" tests="1" failures="0" timestamp="23 Sep 2019 19:08:27 GMT" time="18.789" errors="0">
  <testcase name="f" time="18.789" classname="com.lti.ra.FirstNGREST"/>
</testsuite> <!-- com.lti.ra.FirstNGREST -->
