<?xml version="1.0" encoding="UTF-8"?>
<!-- Generated by org.testng.reporters.JUnitReportReporter -->
<testsuite skipped="0" hostname="Infva05978" name="com.lti.ra.BasicAuth" tests="1" failures="0" timestamp="23 Sep 2019 22:30:10 GMT" time="1.972" errors="0">
  <testcase name="PreemptiveAuth" time="1.972" classname="com.lti.ra.BasicAuth"/>
</testsuite> <!-- com.lti.ra.BasicAuth -->
