<?xml version="1.0" encoding="UTF-8"?>
<!-- Generated by org.testng.reporters.JUnitReportReporter -->
<testsuite skipped="1" hostname="Infva05978" name="com.lti.ra.ChickenApp" tests="2" failures="0" timestamp="24 Sep 2019 00:28:59 GMT" time="8.018" errors="0">
  <testcase name="f2" time="8.018" classname="com.lti.ra.ChickenApp"/>
  <testcase name="f" classname="com.lti.ra.ChickenApp">
    <skipped/>
  </testcase> <!-- f -->
</testsuite> <!-- com.lti.ra.ChickenApp -->
